[PngImagePlugin.py:191] - 2024-05-30 15:02:20,283 - DEBUG - STREAM b'IHDR' 16 13
[PngImagePlugin.py:191] - 2024-05-30 15:02:20,283 - DEBUG - STREAM b'sRGB' 41 1
[PngImagePlugin.py:191] - 2024-05-30 15:02:20,283 - DEBUG - STREAM b'IDAT' 54 8192
[PngImagePlugin.py:191] - 2024-05-30 15:02:20,283 - DEBUG - STREAM b'IHDR' 16 13
[PngImagePlugin.py:191] - 2024-05-30 15:02:20,283 - DEBUG - STREAM b'sRGB' 41 1
[PngImagePlugin.py:191] - 2024-05-30 15:02:20,284 - DEBUG - STREAM b'IDAT' 54 8192
[PngImagePlugin.py:191] - 2024-05-30 15:02:20,284 - DEBUG - STREAM b'IHDR' 16 13
[PngImagePlugin.py:191] - 2024-05-30 15:02:20,284 - DEBUG - STREAM b'sRGB' 41 1
[PngImagePlugin.py:191] - 2024-05-30 15:02:20,284 - DEBUG - STREAM b'IDAT' 54 8192
[PngImagePlugin.py:191] - 2024-05-30 15:02:20,288 - DEBUG - STREAM b'IHDR' 16 13
[PngImagePlugin.py:191] - 2024-05-30 15:02:20,288 - DEBUG - STREAM b'sRGB' 41 1
[PngImagePlugin.py:191] - 2024-05-30 15:02:20,289 - DEBUG - STREAM b'gAMA' 54 4
[PngImagePlugin.py:191] - 2024-05-30 15:02:20,289 - DEBUG - STREAM b'pHYs' 70 9
[PngImagePlugin.py:191] - 2024-05-30 15:02:20,289 - DEBUG - STREAM b'IDAT' 91 766
[PngImagePlugin.py:191] - 2024-05-30 15:02:20,292 - DEBUG - STREAM b'IHDR' 16 13
[PngImagePlugin.py:191] - 2024-05-30 15:02:20,292 - DEBUG - STREAM b'sRGB' 41 1
[PngImagePlugin.py:191] - 2024-05-30 15:02:20,292 - DEBUG - STREAM b'gAMA' 54 4
[PngImagePlugin.py:191] - 2024-05-30 15:02:20,292 - DEBUG - STREAM b'pHYs' 70 9
[PngImagePlugin.py:191] - 2024-05-30 15:02:20,293 - DEBUG - STREAM b'IDAT' 91 601
[PngImagePlugin.py:191] - 2024-05-30 15:02:20,297 - DEBUG - STREAM b'IHDR' 16 13
[PngImagePlugin.py:191] - 2024-05-30 15:02:20,297 - DEBUG - STREAM b'sRGB' 41 1
[PngImagePlugin.py:191] - 2024-05-30 15:02:20,298 - DEBUG - STREAM b'gAMA' 54 4
[PngImagePlugin.py:191] - 2024-05-30 15:02:20,298 - DEBUG - STREAM b'pHYs' 70 9
[PngImagePlugin.py:191] - 2024-05-30 15:02:20,298 - DEBUG - STREAM b'IDAT' 91 1063
